2024-12-27 16:45:39 Updating "requirements.txt"
2024-12-27 16:45:56 Executing train_model() with the following parameter:
2024-12-27 16:45:56    yaml_path=/home/aubrey/crb_damage_detector_data/datasets/202412271631/dataset.yaml
2024-12-28 03:05:10    finished training
2024-12-28 09:55:39 Updating "requirements.txt"
2024-12-28 09:55:57 Launching FifyOne app in browser
2024-12-28 09:56:02 Session launched. Run `session.show()` to open the App in a cell output.
2024-12-28 09:56:02 Dataset:          202412271546
Media type:       image
Num samples:      6798
Selected samples: 0
Selected labels:  0
Session URL:      http://localhost:5151/
2024-12-29 15:15:33 Launching FifyOne app in browser
2024-12-29 15:15:33 Session launched. Run `session.show()` to open the App in a cell output.
2024-12-29 15:15:33 Dataset:          202412271546
Media type:       image
Num samples:      6798
Selected samples: 0
Selected labels:  0
Session URL:      http://localhost:5151/
2024-12-29 15:24:49 Launching FifyOne app in browser
2024-12-29 15:24:49 Session launched. Run `session.show()` to open the App in a cell output.
2024-12-29 15:24:49 Dataset:          202412271546
Media type:       image
Num samples:      6798
Selected samples: 0
Selected labels:  0
Session URL:      http://localhost:5151/
2024-12-29 15:28:35 Launching FifyOne app in browser
2024-12-29 15:28:35 Session launched. Run `session.show()` to open the App in a cell output.
2024-12-29 15:28:35 Dataset:          202412271546
Media type:       image
Num samples:      6798
Selected samples: 0
Selected labels:  0
Session URL:      http://localhost:5151/
2024-12-29 15:37:06 Launching FifyOne app in browser
2024-12-29 15:37:06 Session launched. Run `session.show()` to open the App in a cell output.
2024-12-29 15:37:06 Dataset:          202412271546
Media type:       image
Num samples:      6798
Selected samples: 0
Selected labels:  0
Session URL:      http://localhost:5151/
2024-12-29 15:37:06 Object class counts: {'live': 9969, 'vcut': 3458, 'dead': 19}
2024-12-29 15:39:29 Updating "requirements.txt"
